<?xml version="1.0" encoding="UTF-8"?>
<testsuite xmlns:xsi="http://www.w3.org/2001/XMLSchema-instance" xsi:noNamespaceSchemaLocation="https://maven.apache.org/surefire/maven-surefire-plugin/xsd/surefire-test-report.xsd" name="ValidateISBNTest" time="0.064" tests="7" errors="0" skipped="0" failures="1">
  <properties>
[...]
</properties>
  <testcase name="TenDigitISBNNumbersEndingInAnXAreValid" classname="ValidateISBNTest" time="0.04">
    <failure message="expected: &lt;true&gt; but was: &lt;false&gt;" type="org.opentest4j.AssertionFailedError"><![CDATA[org.opentest4j.AssertionFailedError: expected: <true> but was: <false>
	at ValidateISBNTest.TenDigitISBNNumbersEndingInAnXAreValid(ValidateISBNTest.java:29)
]]></failure>
  </testcase>
  <testcase name="nineDigitISBNsAreNotAllowed" classname="ValidateISBNTest" time="0"/>
  <testcase name="checkAValid13DigitISBN" classname="ValidateISBNTest" time="0.002"/>
  <testcase name="checkAValid10DigitISBN" classname="ValidateISBNTest" time="0"/>
  <testcase name="checkAnInvalid13DigitISBN" classname="ValidateISBNTest" time="0.001"/>
  <testcase name="nonNumericISBNsAreNotAllowed" classname="ValidateISBNTest" time="0.002"/>
  <testcase name="checkAnInvalid10DigitISBN" classname="ValidateISBNTest" time="0.001"/>
</testsuite>